# JRE version: Java(TM) SE Runtime Environment (8.0_25-b18) (build 1.8.0_25-b18)
# Java VM: Java HotSpot(TM) 64-Bit Server VM (25.25-b02 mixed mode windows-amd64 compressed oops)
Heap:
 PSYoungGen      total 531968K, used 311828K [0x000000076ae00000, 0x000000079f100000, 0x00000007c0000000)
  eden space 520192K, 59% used [0x000000076ae00000,0x000000077de85348,0x000000078aa00000)
  from space 11776K, 0% used [0x000000078aa00000,0x000000078aa00000,0x000000078b580000)
  to   space 11264K, 0% used [0x000000079e600000,0x000000079e600000,0x000000079f100000)
 ParOldGen       total 89600K, used 14977K [0x00000006c0a00000, 0x00000006c6180000, 0x000000076ae00000)
  object space 89600K, 16% used [0x00000006c0a00000,0x00000006c18a0490,0x00000006c6180000)
 Metaspace       used 24195K, capacity 27495K, committed 27648K, reserved 1071104K
  class space    used 4965K, capacity 6086K, committed 6144K, reserved 1048576K
GC Heap History (10 events):
Event: 2.197 GC heap before
{Heap before GC invocations=6 (full 0):
 PSYoungGen      total 141824K, used 138400K [0x000000076ae00000, 0x000000077bf00000, 0x00000007c0000000)
  eden space 131072K, 100% used [0x000000076ae00000,0x0000000772e00000,0x0000000772e00000)
  from space 10752K, 68% used [0x0000000772e00000,0x0000000773528040,0x0000000773880000)
  to   space 8704K, 0% used [0x000000077b680000,0x000000077b680000,0x000000077bf00000)
 ParOldGen       total 175104K, used 32K [0x00000006c0a00000, 0x00000006cb500000, 0x000000076ae00000)
  object space 175104K, 0% used [0x00000006c0a00000,0x00000006c0a08000,0x00000006cb500000)
 Metaspace       used 14761K, capacity 16143K, committed 16384K, reserved 1062912K
  class space    used 2957K, capacity 3457K, committed 3584K, reserved 1048576K
Event: 2.204 GC heap after
Heap after GC invocations=6 (full 0):
 PSYoungGen      total 269824K, used 8672K [0x000000076ae00000, 0x000000077c100000, 0x00000007c0000000)
  eden space 261120K, 0% used [0x000000076ae00000,0x000000076ae00000,0x000000077ad00000)
  from space 8704K, 99% used [0x000000077b680000,0x000000077bef8040,0x000000077bf00000)
  to   space 9728K, 0% used [0x000000077ad00000,0x000000077ad00000,0x000000077b680000)
 ParOldGen       total 175104K, used 184K [0x00000006c0a00000, 0x00000006cb500000, 0x000000076ae00000)
  object space 175104K, 0% used [0x00000006c0a00000,0x00000006c0a2e000,0x00000006cb500000)
 Metaspace       used 14761K, capacity 16143K, committed 16384K, reserved 1062912K
  class space    used 2957K, capacity 3457K, committed 3584K, reserved 1048576K
}
Event: 2.344 GC heap before
{Heap before GC invocations=7 (full 0):
 PSYoungGen      total 269824K, used 269792K [0x000000076ae00000, 0x000000077c100000, 0x00000007c0000000)
  eden space 261120K, 100% used [0x000000076ae00000,0x000000077ad00000,0x000000077ad00000)
  from space 8704K, 99% used [0x000000077b680000,0x000000077bef8040,0x000000077bf00000)
  to   space 9728K, 0% used [0x000000077ad00000,0x000000077ad00000,0x000000077b680000)
 ParOldGen       total 175104K, used 184K [0x00000006c0a00000, 0x00000006cb500000, 0x000000076ae00000)
  object space 175104K, 0% used [0x00000006c0a00000,0x00000006c0a2e000,0x00000006cb500000)
 Metaspace       used 15056K, capacity 16511K, committed 16640K, reserved 1062912K
  class space    used 2989K, capacity 3489K, committed 3584K, reserved 1048576K
Event: 2.354 GC heap after
Heap after GC invocations=7 (full 0):
 PSYoungGen      total 270848K, used 7296K [0x000000076ae00000, 0x000000078bf00000, 0x00000007c0000000)
  eden space 261120K, 0% used [0x000000076ae00000,0x000000076ae00000,0x000000077ad00000)
  from space 9728K, 75% used [0x000000077ad00000,0x000000077b420000,0x000000077b680000)
  to   space 9728K, 0% used [0x000000078b580000,0x000000078b580000,0x000000078bf00000)
 ParOldGen       total 175104K, used 4407K [0x00000006c0a00000, 0x00000006cb500000, 0x000000076ae00000)
  object space 175104K, 2% used [0x00000006c0a00000,0x00000006c0e4de78,0x00000006cb500000)
 Metaspace       used 15056K, capacity 16511K, committed 16640K, reserved 1062912K
  class space    used 2989K, capacity 3489K, committed 3584K, reserved 1048576K
}
Event: 7.406 GC heap before
{Heap before GC invocations=8 (full 0):
 PSYoungGen      total 270848K, used 268416K [0x000000076ae00000, 0x000000078bf00000, 0x00000007c0000000)
  eden space 261120K, 100% used [0x000000076ae00000,0x000000077ad00000,0x000000077ad00000)
  from space 9728K, 75% used [0x000000077ad00000,0x000000077b420000,0x000000077b680000)
  to   space 9728K, 0% used [0x000000078b580000,0x000000078b580000,0x000000078bf00000)
 ParOldGen       total 175104K, used 4407K [0x00000006c0a00000, 0x00000006cb500000, 0x000000076ae00000)
  object space 175104K, 2% used [0x00000006c0a00000,0x00000006c0e4de78,0x00000006cb500000)
 Metaspace       used 18700K, capacity 20817K, committed 20864K, reserved 1064960K
  class space    used 3929K, capacity 4708K, committed 4736K, reserved 1048576K
Event: 7.428 GC heap after
Heap after GC invocations=8 (full 0):
 PSYoungGen      total 529920K, used 9699K [0x000000076ae00000, 0x000000078c300000, 0x00000007c0000000)
  eden space 520192K, 0% used [0x000000076ae00000,0x000000076ae00000,0x000000078aa00000)
  from space 9728K, 99% used [0x000000078b580000,0x000000078bef8cf8,0x000000078bf00000)
  to   space 11776K, 0% used [0x000000078aa00000,0x000000078aa00000,0x000000078b580000)
 ParOldGen       total 175104K, used 6620K [0x00000006c0a00000, 0x00000006cb500000, 0x000000076ae00000)
  object space 175104K, 3% used [0x00000006c0a00000,0x00000006c1077018,0x00000006cb500000)
 Metaspace       used 18700K, capacity 20817K, committed 20864K, reserved 1064960K
  class space    used 3929K, capacity 4708K, committed 4736K, reserved 1048576K
}
Event: 7.461 GC heap before
{Heap before GC invocations=9 (full 0):
 PSYoungGen      total 529920K, used 16058K [0x000000076ae00000, 0x000000078c300000, 0x00000007c0000000)
  eden space 520192K, 1% used [0x000000076ae00000,0x000000076b435c90,0x000000078aa00000)
  from space 9728K, 99% used [0x000000078b580000,0x000000078bef8cf8,0x000000078bf00000)
  to   space 11776K, 0% used [0x000000078aa00000,0x000000078aa00000,0x000000078b580000)
 ParOldGen       total 175104K, used 6620K [0x00000006c0a00000, 0x00000006cb500000, 0x000000076ae00000)
  object space 175104K, 3% used [0x00000006c0a00000,0x00000006c1077018,0x00000006cb500000)
 Metaspace       used 19070K, capacity 21207K, committed 21296K, reserved 1067008K
  class space    used 3985K, capacity 4734K, committed 4736K, reserved 1048576K
Event: 7.470 GC heap after
Heap after GC invocations=9 (full 0):
 PSYoungGen      total 531968K, used 6221K [0x000000076ae00000, 0x000000079f100000, 0x00000007c0000000)
  eden space 520192K, 0% used [0x000000076ae00000,0x000000076ae00000,0x000000078aa00000)
  from space 11776K, 52% used [0x000000078aa00000,0x000000078b013440,0x000000078b580000)
  to   space 11264K, 0% used [0x000000079e600000,0x000000079e600000,0x000000079f100000)
 ParOldGen       total 175104K, used 9716K [0x00000006c0a00000, 0x00000006cb500000, 0x000000076ae00000)
  object space 175104K, 5% used [0x00000006c0a00000,0x00000006c137d018,0x00000006cb500000)
 Metaspace       used 19070K, capacity 21207K, committed 21296K, reserved 1067008K
  class space    used 3985K, capacity 4734K, committed 4736K, reserved 1048576K
}
Event: 7.470 GC heap before
{Heap before GC invocations=10 (full 1):
 PSYoungGen      total 531968K, used 6221K [0x000000076ae00000, 0x000000079f100000, 0x00000007c0000000)
  eden space 520192K, 0% used [0x000000076ae00000,0x000000076ae00000,0x000000078aa00000)
  from space 11776K, 52% used [0x000000078aa00000,0x000000078b013440,0x000000078b580000)
  to   space 11264K, 0% used [0x000000079e600000,0x000000079e600000,0x000000079f100000)
 ParOldGen       total 175104K, used 9716K [0x00000006c0a00000, 0x00000006cb500000, 0x000000076ae00000)
  object space 175104K, 5% used [0x00000006c0a00000,0x00000006c137d018,0x00000006cb500000)
 Metaspace       used 19070K, capacity 21207K, committed 21296K, reserved 1067008K
  class space    used 3985K, capacity 4734K, committed 4736K, reserved 1048576K
Event: 7.526 GC heap after
Heap after GC invocations=10 (full 1):
 PSYoungGen      total 531968K, used 0K [0x000000076ae00000, 0x000000079f100000, 0x00000007c0000000)
  eden space 520192K, 0% used [0x000000076ae00000,0x000000076ae00000,0x000000078aa00000)
  from space 11776K, 0% used [0x000000078aa00000,0x000000078aa00000,0x000000078b580000)
  to   space 11264K, 0% used [0x000000079e600000,0x000000079e600000,0x000000079f100000)
 ParOldGen       total 89600K, used 14977K [0x00000006c0a00000, 0x00000006c6180000, 0x000000076ae00000)
  object space 89600K, 16% used [0x00000006c0a00000,0x00000006c18a0490,0x00000006c6180000)
 Metaspace       used 19068K, capacity 21201K, committed 21296K, reserved 1067008K
  class space    used 3984K, capacity 4733K, committed 4736K, reserved 1048576K
}

