# JRE version: Java(TM) SE Runtime Environment (8.0_25-b18) (build 1.8.0_25-b18)
# Java VM: Java HotSpot(TM) 64-Bit Server VM (25.25-b02 mixed mode windows-amd64 compressed oops)
Heap:
 PSYoungGen      total 535040K, used 57856K [0x000000076ae00000, 0x00000007ac400000, 0x00000007c0000000)
  eden space 521728K, 11% used [0x000000076ae00000,0x000000076e6801c0,0x000000078ab80000)
  from space 13312K, 0% used [0x000000078ab80000,0x000000078ab80000,0x000000078b880000)
  to   space 13824K, 0% used [0x00000007ab680000,0x00000007ab680000,0x00000007ac400000)
 ParOldGen       total 90112K, used 16266K [0x00000006c0a00000, 0x00000006c6200000, 0x000000076ae00000)
  object space 90112K, 18% used [0x00000006c0a00000,0x00000006c19e2a90,0x00000006c6200000)
 Metaspace       used 21254K, capacity 24251K, committed 24320K, reserved 1069056K
  class space    used 4549K, capacity 5587K, committed 5632K, reserved 1048576K
GC Heap History (10 events):
Event: 2.617 GC heap before
{Heap before GC invocations=4 (full 0):
 PSYoungGen      total 141824K, used 136880K [0x000000076ae00000, 0x000000077c300000, 0x00000007c0000000)
  eden space 131072K, 100% used [0x000000076ae00000,0x0000000772e00000,0x0000000772e00000)
  from space 10752K, 54% used [0x0000000772e00000,0x00000007733ac030,0x0000000773880000)
  to   space 10752K, 0% used [0x000000077b880000,0x000000077b880000,0x000000077c300000)
 ParOldGen       total 175104K, used 32K [0x00000006c0a00000, 0x00000006cb500000, 0x000000076ae00000)
  object space 175104K, 0% used [0x00000006c0a00000,0x00000006c0a08000,0x00000006cb500000)
 Metaspace       used 14744K, capacity 16137K, committed 16256K, reserved 1062912K
  class space    used 2955K, capacity 3456K, committed 3456K, reserved 1048576K
Event: 2.625 GC heap after
Heap after GC invocations=4 (full 0):
 PSYoungGen      total 272896K, used 7472K [0x000000076ae00000, 0x000000077c300000, 0x00000007c0000000)
  eden space 262144K, 0% used [0x000000076ae00000,0x000000076ae00000,0x000000077ae00000)
  from space 10752K, 69% used [0x000000077b880000,0x000000077bfcc010,0x000000077c300000)
  to   space 10752K, 0% used [0x000000077ae00000,0x000000077ae00000,0x000000077b880000)
 ParOldGen       total 175104K, used 40K [0x00000006c0a00000, 0x00000006cb500000, 0x000000076ae00000)
  object space 175104K, 0% used [0x00000006c0a00000,0x00000006c0a0a000,0x00000006cb500000)
 Metaspace       used 14744K, capacity 16137K, committed 16256K, reserved 1062912K
  class space    used 2955K, capacity 3456K, committed 3456K, reserved 1048576K
}
Event: 2.747 GC heap before
{Heap before GC invocations=5 (full 0):
 PSYoungGen      total 272896K, used 269616K [0x000000076ae00000, 0x000000077c300000, 0x00000007c0000000)
  eden space 262144K, 100% used [0x000000076ae00000,0x000000077ae00000,0x000000077ae00000)
  from space 10752K, 69% used [0x000000077b880000,0x000000077bfcc010,0x000000077c300000)
  to   space 10752K, 0% used [0x000000077ae00000,0x000000077ae00000,0x000000077b880000)
 ParOldGen       total 175104K, used 40K [0x00000006c0a00000, 0x00000006cb500000, 0x000000076ae00000)
  object space 175104K, 0% used [0x00000006c0a00000,0x00000006c0a0a000,0x00000006cb500000)
 Metaspace       used 14744K, capacity 16137K, committed 16256K, reserved 1062912K
  class space    used 2955K, capacity 3456K, committed 3456K, reserved 1048576K
Event: 2.769 GC heap after
Heap after GC invocations=5 (full 0):
 PSYoungGen      total 272896K, used 10240K [0x000000076ae00000, 0x000000078c300000, 0x00000007c0000000)
  eden space 262144K, 0% used [0x000000076ae00000,0x000000076ae00000,0x000000077ae00000)
  from space 10752K, 95% used [0x000000077ae00000,0x000000077b800000,0x000000077b880000)
  to   space 10752K, 0% used [0x000000078b880000,0x000000078b880000,0x000000078c300000)
 ParOldGen       total 175104K, used 40K [0x00000006c0a00000, 0x00000006cb500000, 0x000000076ae00000)
  object space 175104K, 0% used [0x00000006c0a00000,0x00000006c0a0a000,0x00000006cb500000)
 Metaspace       used 14744K, capacity 16137K, committed 16256K, reserved 1062912K
  class space    used 2955K, capacity 3456K, committed 3456K, reserved 1048576K
}
Event: 2.859 GC heap before
{Heap before GC invocations=6 (full 0):
 PSYoungGen      total 272896K, used 272384K [0x000000076ae00000, 0x000000078c300000, 0x00000007c0000000)
  eden space 262144K, 100% used [0x000000076ae00000,0x000000077ae00000,0x000000077ae00000)
  from space 10752K, 95% used [0x000000077ae00000,0x000000077b800000,0x000000077b880000)
  to   space 10752K, 0% used [0x000000078b880000,0x000000078b880000,0x000000078c300000)
 ParOldGen       total 175104K, used 40K [0x00000006c0a00000, 0x00000006cb500000, 0x000000076ae00000)
  object space 175104K, 0% used [0x00000006c0a00000,0x00000006c0a0a000,0x00000006cb500000)
 Metaspace       used 14759K, capacity 16143K, committed 16384K, reserved 1062912K
  class space    used 2961K, capacity 3457K, committed 3584K, reserved 1048576K
Event: 2.878 GC heap after
Heap after GC invocations=6 (full 0):
 PSYoungGen      total 532480K, used 10720K [0x000000076ae00000, 0x000000078c800000, 0x00000007c0000000)
  eden space 521728K, 0% used [0x000000076ae00000,0x000000076ae00000,0x000000078ab80000)
  from space 10752K, 99% used [0x000000078b880000,0x000000078c2f8020,0x000000078c300000)
  to   space 13312K, 0% used [0x000000078ab80000,0x000000078ab80000,0x000000078b880000)
 ParOldGen       total 175104K, used 1944K [0x00000006c0a00000, 0x00000006cb500000, 0x000000076ae00000)
  object space 175104K, 1% used [0x00000006c0a00000,0x00000006c0be6000,0x00000006cb500000)
 Metaspace       used 14759K, capacity 16143K, committed 16384K, reserved 1062912K
  class space    used 2961K, capacity 3457K, committed 3584K, reserved 1048576K
}
Event: 14.184 GC heap before
{Heap before GC invocations=7 (full 0):
 PSYoungGen      total 532480K, used 151444K [0x000000076ae00000, 0x000000078c800000, 0x00000007c0000000)
  eden space 521728K, 26% used [0x000000076ae00000,0x000000077376d0b8,0x000000078ab80000)
  from space 10752K, 99% used [0x000000078b880000,0x000000078c2f8020,0x000000078c300000)
  to   space 13312K, 0% used [0x000000078ab80000,0x000000078ab80000,0x000000078b880000)
 ParOldGen       total 175104K, used 1944K [0x00000006c0a00000, 0x00000006cb500000, 0x000000076ae00000)
  object space 175104K, 1% used [0x00000006c0a00000,0x00000006c0be6000,0x00000006cb500000)
 Metaspace       used 19054K, capacity 21197K, committed 21296K, reserved 1067008K
  class space    used 3984K, capacity 4733K, committed 4736K, reserved 1048576K
Event: 14.202 GC heap after
Heap after GC invocations=7 (full 0):
 PSYoungGen      total 535040K, used 10478K [0x000000076ae00000, 0x00000007ac400000, 0x00000007c0000000)
  eden space 521728K, 0% used [0x000000076ae00000,0x000000076ae00000,0x000000078ab80000)
  from space 13312K, 78% used [0x000000078ab80000,0x000000078b5bba38,0x000000078b880000)
  to   space 13824K, 0% used [0x00000007ab680000,0x00000007ab680000,0x00000007ac400000)
 ParOldGen       total 175104K, used 6064K [0x00000006c0a00000, 0x00000006cb500000, 0x000000076ae00000)
  object space 175104K, 3% used [0x00000006c0a00000,0x00000006c0fec2b8,0x00000006cb500000)
 Metaspace       used 19054K, capacity 21197K, committed 21296K, reserved 1067008K
  class space    used 3984K, capacity 4733K, committed 4736K, reserved 1048576K
}
Event: 14.202 GC heap before
{Heap before GC invocations=8 (full 1):
 PSYoungGen      total 535040K, used 10478K [0x000000076ae00000, 0x00000007ac400000, 0x00000007c0000000)
  eden space 521728K, 0% used [0x000000076ae00000,0x000000076ae00000,0x000000078ab80000)
  from space 13312K, 78% used [0x000000078ab80000,0x000000078b5bba38,0x000000078b880000)
  to   space 13824K, 0% used [0x00000007ab680000,0x00000007ab680000,0x00000007ac400000)
 ParOldGen       total 175104K, used 6064K [0x00000006c0a00000, 0x00000006cb500000, 0x000000076ae00000)
  object space 175104K, 3% used [0x00000006c0a00000,0x00000006c0fec2b8,0x00000006cb500000)
 Metaspace       used 19054K, capacity 21197K, committed 21296K, reserved 1067008K
  class space    used 3984K, capacity 4733K, committed 4736K, reserved 1048576K
Event: 14.276 GC heap after
Heap after GC invocations=8 (full 1):
 PSYoungGen      total 535040K, used 0K [0x000000076ae00000, 0x00000007ac400000, 0x00000007c0000000)
  eden space 521728K, 0% used [0x000000076ae00000,0x000000076ae00000,0x000000078ab80000)
  from space 13312K, 0% used [0x000000078ab80000,0x000000078ab80000,0x000000078b880000)
  to   space 13824K, 0% used [0x00000007ab680000,0x00000007ab680000,0x00000007ac400000)
 ParOldGen       total 90112K, used 16266K [0x00000006c0a00000, 0x00000006c6200000, 0x000000076ae00000)
  object space 90112K, 18% used [0x00000006c0a00000,0x00000006c19e2a90,0x00000006c6200000)
 Metaspace       used 19054K, capacity 21197K, committed 21296K, reserved 1067008K
  class space    used 3984K, capacity 4733K, committed 4736K, reserved 1048576K
}

