# JRE version: Java(TM) SE Runtime Environment (8.0_25-b18) (build 1.8.0_25-b18)
# Java VM: Java HotSpot(TM) 64-Bit Server VM (25.25-b02 mixed mode windows-amd64 compressed oops)
Heap:
 PSYoungGen      total 531968K, used 59896K [0x000000076ae00000, 0x000000079f100000, 0x00000007c0000000)
  eden space 520192K, 11% used [0x000000076ae00000,0x000000076e87e348,0x000000078aa00000)
  from space 11776K, 0% used [0x000000078aa00000,0x000000078aa00000,0x000000078b580000)
  to   space 11264K, 0% used [0x000000079e600000,0x000000079e600000,0x000000079f100000)
 ParOldGen       total 86528K, used 14888K [0x00000006c0a00000, 0x00000006c5e80000, 0x000000076ae00000)
  object space 86528K, 17% used [0x00000006c0a00000,0x00000006c188a038,0x00000006c5e80000)
 Metaspace       used 21341K, capacity 24357K, committed 24576K, reserved 1069056K
  class space    used 4576K, capacity 5625K, committed 5632K, reserved 1048576K
GC Heap History (10 events):
Event: 2.125 GC heap before
{Heap before GC invocations=6 (full 0):
 PSYoungGen      total 141824K, used 138400K [0x000000076ae00000, 0x000000077bf00000, 0x00000007c0000000)
  eden space 131072K, 100% used [0x000000076ae00000,0x0000000772e00000,0x0000000772e00000)
  from space 10752K, 68% used [0x0000000772e00000,0x0000000773528040,0x0000000773880000)
  to   space 8704K, 0% used [0x000000077b680000,0x000000077b680000,0x000000077bf00000)
 ParOldGen       total 175104K, used 48K [0x00000006c0a00000, 0x00000006cb500000, 0x000000076ae00000)
  object space 175104K, 0% used [0x00000006c0a00000,0x00000006c0a0c000,0x00000006cb500000)
 Metaspace       used 14763K, capacity 16143K, committed 16384K, reserved 1062912K
  class space    used 2956K, capacity 3457K, committed 3584K, reserved 1048576K
Event: 2.134 GC heap after
Heap after GC invocations=6 (full 0):
 PSYoungGen      total 269824K, used 8672K [0x000000076ae00000, 0x000000077c100000, 0x00000007c0000000)
  eden space 261120K, 0% used [0x000000076ae00000,0x000000076ae00000,0x000000077ad00000)
  from space 8704K, 99% used [0x000000077b680000,0x000000077bef8020,0x000000077bf00000)
  to   space 9728K, 0% used [0x000000077ad00000,0x000000077ad00000,0x000000077b680000)
 ParOldGen       total 175104K, used 208K [0x00000006c0a00000, 0x00000006cb500000, 0x000000076ae00000)
  object space 175104K, 0% used [0x00000006c0a00000,0x00000006c0a34000,0x00000006cb500000)
 Metaspace       used 14763K, capacity 16143K, committed 16384K, reserved 1062912K
  class space    used 2956K, capacity 3457K, committed 3584K, reserved 1048576K
}
Event: 2.260 GC heap before
{Heap before GC invocations=7 (full 0):
 PSYoungGen      total 269824K, used 269792K [0x000000076ae00000, 0x000000077c100000, 0x00000007c0000000)
  eden space 261120K, 100% used [0x000000076ae00000,0x000000077ad00000,0x000000077ad00000)
  from space 8704K, 99% used [0x000000077b680000,0x000000077bef8020,0x000000077bf00000)
  to   space 9728K, 0% used [0x000000077ad00000,0x000000077ad00000,0x000000077b680000)
 ParOldGen       total 175104K, used 208K [0x00000006c0a00000, 0x00000006cb500000, 0x000000076ae00000)
  object space 175104K, 0% used [0x00000006c0a00000,0x00000006c0a34000,0x00000006cb500000)
 Metaspace       used 14763K, capacity 16143K, committed 16384K, reserved 1062912K
  class space    used 2956K, capacity 3457K, committed 3584K, reserved 1048576K
Event: 2.272 GC heap after
Heap after GC invocations=7 (full 0):
 PSYoungGen      total 270848K, used 7232K [0x000000076ae00000, 0x000000078bf00000, 0x00000007c0000000)
  eden space 261120K, 0% used [0x000000076ae00000,0x000000076ae00000,0x000000077ad00000)
  from space 9728K, 74% used [0x000000077ad00000,0x000000077b410000,0x000000077b680000)
  to   space 9728K, 0% used [0x000000078b580000,0x000000078b580000,0x000000078bf00000)
 ParOldGen       total 175104K, used 4412K [0x00000006c0a00000, 0x00000006cb500000, 0x000000076ae00000)
  object space 175104K, 2% used [0x00000006c0a00000,0x00000006c0e4f2a8,0x00000006cb500000)
 Metaspace       used 14763K, capacity 16143K, committed 16384K, reserved 1062912K
  class space    used 2956K, capacity 3457K, committed 3584K, reserved 1048576K
}
Event: 7.295 GC heap before
{Heap before GC invocations=8 (full 0):
 PSYoungGen      total 270848K, used 268352K [0x000000076ae00000, 0x000000078bf00000, 0x00000007c0000000)
  eden space 261120K, 100% used [0x000000076ae00000,0x000000077ad00000,0x000000077ad00000)
  from space 9728K, 74% used [0x000000077ad00000,0x000000077b410000,0x000000077b680000)
  to   space 9728K, 0% used [0x000000078b580000,0x000000078b580000,0x000000078bf00000)
 ParOldGen       total 175104K, used 4412K [0x00000006c0a00000, 0x00000006cb500000, 0x000000076ae00000)
  object space 175104K, 2% used [0x00000006c0a00000,0x00000006c0e4f2a8,0x00000006cb500000)
 Metaspace       used 18782K, capacity 20951K, committed 21120K, reserved 1064960K
  class space    used 3947K, capacity 4734K, committed 4736K, reserved 1048576K
Event: 7.304 GC heap after
Heap after GC invocations=8 (full 0):
 PSYoungGen      total 529920K, used 9709K [0x000000076ae00000, 0x000000078c300000, 0x00000007c0000000)
  eden space 520192K, 0% used [0x000000076ae00000,0x000000076ae00000,0x000000078aa00000)
  from space 9728K, 99% used [0x000000078b580000,0x000000078befb608,0x000000078bf00000)
  to   space 11776K, 0% used [0x000000078aa00000,0x000000078aa00000,0x000000078b580000)
 ParOldGen       total 175104K, used 6787K [0x00000006c0a00000, 0x00000006cb500000, 0x000000076ae00000)
  object space 175104K, 3% used [0x00000006c0a00000,0x00000006c10a0f38,0x00000006cb500000)
 Metaspace       used 18782K, capacity 20951K, committed 21120K, reserved 1064960K
  class space    used 3947K, capacity 4734K, committed 4736K, reserved 1048576K
}
Event: 7.321 GC heap before
{Heap before GC invocations=9 (full 0):
 PSYoungGen      total 529920K, used 14580K [0x000000076ae00000, 0x000000078c300000, 0x00000007c0000000)
  eden space 520192K, 0% used [0x000000076ae00000,0x000000076b2c1c68,0x000000078aa00000)
  from space 9728K, 99% used [0x000000078b580000,0x000000078befb608,0x000000078bf00000)
  to   space 11776K, 0% used [0x000000078aa00000,0x000000078aa00000,0x000000078b580000)
 ParOldGen       total 175104K, used 6787K [0x00000006c0a00000, 0x00000006cb500000, 0x000000076ae00000)
  object space 175104K, 3% used [0x00000006c0a00000,0x00000006c10a0f38,0x00000006cb500000)
 Metaspace       used 19067K, capacity 21207K, committed 21296K, reserved 1067008K
  class space    used 3984K, capacity 4734K, committed 4736K, reserved 1048576K
Event: 7.349 GC heap after
Heap after GC invocations=9 (full 0):
 PSYoungGen      total 531968K, used 6145K [0x000000076ae00000, 0x000000079f100000, 0x00000007c0000000)
  eden space 520192K, 0% used [0x000000076ae00000,0x000000076ae00000,0x000000078aa00000)
  from space 11776K, 52% used [0x000000078aa00000,0x000000078b0007f0,0x000000078b580000)
  to   space 11264K, 0% used [0x000000079e600000,0x000000079e600000,0x000000079f100000)
 ParOldGen       total 175104K, used 9851K [0x00000006c0a00000, 0x00000006cb500000, 0x000000076ae00000)
  object space 175104K, 5% used [0x00000006c0a00000,0x00000006c139ef38,0x00000006cb500000)
 Metaspace       used 19067K, capacity 21207K, committed 21296K, reserved 1067008K
  class space    used 3984K, capacity 4734K, committed 4736K, reserved 1048576K
}
Event: 7.349 GC heap before
{Heap before GC invocations=10 (full 1):
 PSYoungGen      total 531968K, used 6145K [0x000000076ae00000, 0x000000079f100000, 0x00000007c0000000)
  eden space 520192K, 0% used [0x000000076ae00000,0x000000076ae00000,0x000000078aa00000)
  from space 11776K, 52% used [0x000000078aa00000,0x000000078b0007f0,0x000000078b580000)
  to   space 11264K, 0% used [0x000000079e600000,0x000000079e600000,0x000000079f100000)
 ParOldGen       total 175104K, used 9851K [0x00000006c0a00000, 0x00000006cb500000, 0x000000076ae00000)
  object space 175104K, 5% used [0x00000006c0a00000,0x00000006c139ef38,0x00000006cb500000)
 Metaspace       used 19067K, capacity 21207K, committed 21296K, reserved 1067008K
  class space    used 3984K, capacity 4734K, committed 4736K, reserved 1048576K
Event: 7.403 GC heap after
Heap after GC invocations=10 (full 1):
 PSYoungGen      total 531968K, used 0K [0x000000076ae00000, 0x000000079f100000, 0x00000007c0000000)
  eden space 520192K, 0% used [0x000000076ae00000,0x000000076ae00000,0x000000078aa00000)
  from space 11776K, 0% used [0x000000078aa00000,0x000000078aa00000,0x000000078b580000)
  to   space 11264K, 0% used [0x000000079e600000,0x000000079e600000,0x000000079f100000)
 ParOldGen       total 86528K, used 14888K [0x00000006c0a00000, 0x00000006c5e80000, 0x000000076ae00000)
  object space 86528K, 17% used [0x00000006c0a00000,0x00000006c188a038,0x00000006c5e80000)
 Metaspace       used 19066K, capacity 21201K, committed 21296K, reserved 1067008K
  class space    used 3984K, capacity 4733K, committed 4736K, reserved 1048576K
}

