# JRE version: Java(TM) SE Runtime Environment (8.0_25-b18) (build 1.8.0_25-b18)
# Java VM: Java HotSpot(TM) 64-Bit Server VM (25.25-b02 mixed mode windows-amd64 compressed oops)
Heap:
 PSYoungGen      total 535040K, used 58824K [0x000000076ae00000, 0x00000007ac500000, 0x00000007c0000000)
  eden space 521728K, 11% used [0x000000076ae00000,0x000000076e772070,0x000000078ab80000)
  from space 13312K, 0% used [0x000000078ab80000,0x000000078ab80000,0x000000078b880000)
  to   space 14336K, 0% used [0x00000007ab700000,0x00000007ab700000,0x00000007ac500000)
 ParOldGen       total 94720K, used 17129K [0x00000006c0a00000, 0x00000006c6680000, 0x000000076ae00000)
  object space 94720K, 18% used [0x00000006c0a00000,0x00000006c1aba580,0x00000006c6680000)
 Metaspace       used 21455K, capacity 24519K, committed 24576K, reserved 1069056K
  class space    used 4571K, capacity 5607K, committed 5632K, reserved 1048576K
GC Heap History (10 events):
Event: 2.129 GC heap before
{Heap before GC invocations=4 (full 0):
 PSYoungGen      total 141824K, used 136864K [0x000000076ae00000, 0x000000077c300000, 0x00000007c0000000)
  eden space 131072K, 100% used [0x000000076ae00000,0x0000000772e00000,0x0000000772e00000)
  from space 10752K, 53% used [0x0000000772e00000,0x00000007733a8020,0x0000000773880000)
  to   space 10752K, 0% used [0x000000077b880000,0x000000077b880000,0x000000077c300000)
 ParOldGen       total 175104K, used 32K [0x00000006c0a00000, 0x00000006cb500000, 0x000000076ae00000)
  object space 175104K, 0% used [0x00000006c0a00000,0x00000006c0a08000,0x00000006cb500000)
 Metaspace       used 14754K, capacity 16137K, committed 16256K, reserved 1062912K
  class space    used 2955K, capacity 3456K, committed 3456K, reserved 1048576K
Event: 2.138 GC heap after
Heap after GC invocations=4 (full 0):
 PSYoungGen      total 272896K, used 7408K [0x000000076ae00000, 0x000000077c300000, 0x00000007c0000000)
  eden space 262144K, 0% used [0x000000076ae00000,0x000000076ae00000,0x000000077ae00000)
  from space 10752K, 68% used [0x000000077b880000,0x000000077bfbc030,0x000000077c300000)
  to   space 10752K, 0% used [0x000000077ae00000,0x000000077ae00000,0x000000077b880000)
 ParOldGen       total 175104K, used 40K [0x00000006c0a00000, 0x00000006cb500000, 0x000000076ae00000)
  object space 175104K, 0% used [0x00000006c0a00000,0x00000006c0a0a000,0x00000006cb500000)
 Metaspace       used 14754K, capacity 16137K, committed 16256K, reserved 1062912K
  class space    used 2955K, capacity 3456K, committed 3456K, reserved 1048576K
}
Event: 2.272 GC heap before
{Heap before GC invocations=5 (full 0):
 PSYoungGen      total 272896K, used 269552K [0x000000076ae00000, 0x000000077c300000, 0x00000007c0000000)
  eden space 262144K, 100% used [0x000000076ae00000,0x000000077ae00000,0x000000077ae00000)
  from space 10752K, 68% used [0x000000077b880000,0x000000077bfbc030,0x000000077c300000)
  to   space 10752K, 0% used [0x000000077ae00000,0x000000077ae00000,0x000000077b880000)
 ParOldGen       total 175104K, used 40K [0x00000006c0a00000, 0x00000006cb500000, 0x000000076ae00000)
  object space 175104K, 0% used [0x00000006c0a00000,0x00000006c0a0a000,0x00000006cb500000)
 Metaspace       used 14755K, capacity 16137K, committed 16256K, reserved 1062912K
  class space    used 2955K, capacity 3456K, committed 3456K, reserved 1048576K
Event: 2.282 GC heap after
Heap after GC invocations=5 (full 0):
 PSYoungGen      total 272896K, used 10224K [0x000000076ae00000, 0x000000078c300000, 0x00000007c0000000)
  eden space 262144K, 0% used [0x000000076ae00000,0x000000076ae00000,0x000000077ae00000)
  from space 10752K, 95% used [0x000000077ae00000,0x000000077b7fc050,0x000000077b880000)
  to   space 10752K, 0% used [0x000000078b880000,0x000000078b880000,0x000000078c300000)
 ParOldGen       total 175104K, used 48K [0x00000006c0a00000, 0x00000006cb500000, 0x000000076ae00000)
  object space 175104K, 0% used [0x00000006c0a00000,0x00000006c0a0c000,0x00000006cb500000)
 Metaspace       used 14755K, capacity 16137K, committed 16256K, reserved 1062912K
  class space    used 2955K, capacity 3456K, committed 3456K, reserved 1048576K
}
Event: 2.373 GC heap before
{Heap before GC invocations=6 (full 0):
 PSYoungGen      total 272896K, used 272368K [0x000000076ae00000, 0x000000078c300000, 0x00000007c0000000)
  eden space 262144K, 100% used [0x000000076ae00000,0x000000077ae00000,0x000000077ae00000)
  from space 10752K, 95% used [0x000000077ae00000,0x000000077b7fc050,0x000000077b880000)
  to   space 10752K, 0% used [0x000000078b880000,0x000000078b880000,0x000000078c300000)
 ParOldGen       total 175104K, used 48K [0x00000006c0a00000, 0x00000006cb500000, 0x000000076ae00000)
  object space 175104K, 0% used [0x00000006c0a00000,0x00000006c0a0c000,0x00000006cb500000)
 Metaspace       used 14773K, capacity 16143K, committed 16384K, reserved 1062912K
  class space    used 2962K, capacity 3457K, committed 3584K, reserved 1048576K
Event: 2.384 GC heap after
Heap after GC invocations=6 (full 0):
 PSYoungGen      total 532480K, used 10736K [0x000000076ae00000, 0x000000078c800000, 0x00000007c0000000)
  eden space 521728K, 0% used [0x000000076ae00000,0x000000076ae00000,0x000000078ab80000)
  from space 10752K, 99% used [0x000000078b880000,0x000000078c2fc010,0x000000078c300000)
  to   space 13312K, 0% used [0x000000078ab80000,0x000000078ab80000,0x000000078b880000)
 ParOldGen       total 175104K, used 1864K [0x00000006c0a00000, 0x00000006cb500000, 0x000000076ae00000)
  object space 175104K, 1% used [0x00000006c0a00000,0x00000006c0bd2000,0x00000006cb500000)
 Metaspace       used 14773K, capacity 16143K, committed 16384K, reserved 1062912K
  class space    used 2962K, capacity 3457K, committed 3584K, reserved 1048576K
}
Event: 11.325 GC heap before
{Heap before GC invocations=7 (full 0):
 PSYoungGen      total 532480K, used 239056K [0x000000076ae00000, 0x000000078c800000, 0x00000007c0000000)
  eden space 521728K, 43% used [0x000000076ae00000,0x0000000778cf83b8,0x000000078ab80000)
  from space 10752K, 99% used [0x000000078b880000,0x000000078c2fc010,0x000000078c300000)
  to   space 13312K, 0% used [0x000000078ab80000,0x000000078ab80000,0x000000078b880000)
 ParOldGen       total 175104K, used 1864K [0x00000006c0a00000, 0x00000006cb500000, 0x000000076ae00000)
  object space 175104K, 1% used [0x00000006c0a00000,0x00000006c0bd2000,0x00000006cb500000)
 Metaspace       used 18904K, capacity 21159K, committed 21296K, reserved 1067008K
  class space    used 3957K, capacity 4735K, committed 4736K, reserved 1048576K
Event: 11.343 GC heap after
Heap after GC invocations=7 (full 0):
 PSYoungGen      total 535040K, used 11392K [0x000000076ae00000, 0x00000007ac500000, 0x00000007c0000000)
  eden space 521728K, 0% used [0x000000076ae00000,0x000000076ae00000,0x000000078ab80000)
  from space 13312K, 85% used [0x000000078ab80000,0x000000078b6a0240,0x000000078b880000)
  to   space 14336K, 0% used [0x00000007ab700000,0x00000007ab700000,0x00000007ac500000)
 ParOldGen       total 175104K, used 6062K [0x00000006c0a00000, 0x00000006cb500000, 0x000000076ae00000)
  object space 175104K, 3% used [0x00000006c0a00000,0x00000006c0feb888,0x00000006cb500000)
 Metaspace       used 18904K, capacity 21159K, committed 21296K, reserved 1067008K
  class space    used 3957K, capacity 4735K, committed 4736K, reserved 1048576K
}
Event: 11.343 GC heap before
{Heap before GC invocations=8 (full 1):
 PSYoungGen      total 535040K, used 11392K [0x000000076ae00000, 0x00000007ac500000, 0x00000007c0000000)
  eden space 521728K, 0% used [0x000000076ae00000,0x000000076ae00000,0x000000078ab80000)
  from space 13312K, 85% used [0x000000078ab80000,0x000000078b6a0240,0x000000078b880000)
  to   space 14336K, 0% used [0x00000007ab700000,0x00000007ab700000,0x00000007ac500000)
 ParOldGen       total 175104K, used 6062K [0x00000006c0a00000, 0x00000006cb500000, 0x000000076ae00000)
  object space 175104K, 3% used [0x00000006c0a00000,0x00000006c0feb888,0x00000006cb500000)
 Metaspace       used 18904K, capacity 21159K, committed 21296K, reserved 1067008K
  class space    used 3957K, capacity 4735K, committed 4736K, reserved 1048576K
Event: 11.419 GC heap after
Heap after GC invocations=8 (full 1):
 PSYoungGen      total 535040K, used 0K [0x000000076ae00000, 0x00000007ac500000, 0x00000007c0000000)
  eden space 521728K, 0% used [0x000000076ae00000,0x000000076ae00000,0x000000078ab80000)
  from space 13312K, 0% used [0x000000078ab80000,0x000000078ab80000,0x000000078b880000)
  to   space 14336K, 0% used [0x00000007ab700000,0x00000007ab700000,0x00000007ac500000)
 ParOldGen       total 94720K, used 17129K [0x00000006c0a00000, 0x00000006c6680000, 0x000000076ae00000)
  object space 94720K, 18% used [0x00000006c0a00000,0x00000006c1aba580,0x00000006c6680000)
 Metaspace       used 18904K, capacity 21159K, committed 21296K, reserved 1067008K
  class space    used 3957K, capacity 4735K, committed 4736K, reserved 1048576K
}

