# JRE version: Java(TM) SE Runtime Environment (8.0_25-b18) (build 1.8.0_25-b18)
# Java VM: Java HotSpot(TM) 64-Bit Server VM (25.25-b02 mixed mode windows-amd64 compressed oops)
Heap:
 PSYoungGen      total 1061888K, used 594066K [0x000000076ae00000, 0x00000007ad900000, 0x00000007c0000000)
  eden space 1059328K, 55% used [0x000000076ae00000,0x000000078f004ab0,0x00000007ab880000)
  from space 2560K, 85% used [0x00000007ad680000,0x00000007ad8a0010,0x00000007ad900000)
  to   space 12288K, 0% used [0x00000007ac100000,0x00000007ac100000,0x00000007acd00000)
 ParOldGen       total 95232K, used 19797K [0x00000006c0a00000, 0x00000006c6700000, 0x000000076ae00000)
  object space 95232K, 20% used [0x00000006c0a00000,0x00000006c1d554b8,0x00000006c6700000)
 Metaspace       used 26913K, capacity 32655K, committed 32768K, reserved 1075200K
  class space    used 5915K, capacity 7613K, committed 7680K, reserved 1048576K
GC Heap History (10 events):
Event: 7.017 GC heap before
{Heap before GC invocations=9 (full 1):
 PSYoungGen      total 529920K, used 9727K [0x000000076ae00000, 0x000000078c300000, 0x00000007c0000000)
  eden space 520192K, 0% used [0x000000076ae00000,0x000000076ae00000,0x000000078aa00000)
  from space 9728K, 99% used [0x000000078b580000,0x000000078befff30,0x000000078bf00000)
  to   space 11776K, 0% used [0x000000078aa00000,0x000000078aa00000,0x000000078b580000)
 ParOldGen       total 175104K, used 6990K [0x00000006c0a00000, 0x00000006cb500000, 0x000000076ae00000)
  object space 175104K, 3% used [0x00000006c0a00000,0x00000006c10d3810,0x00000006cb500000)
 Metaspace       used 19196K, capacity 21293K, committed 21296K, reserved 1067008K
  class space    used 3962K, capacity 4736K, committed 4736K, reserved 1048576K
Event: 7.096 GC heap after
Heap after GC invocations=9 (full 1):
 PSYoungGen      total 529920K, used 0K [0x000000076ae00000, 0x000000078c300000, 0x00000007c0000000)
  eden space 520192K, 0% used [0x000000076ae00000,0x000000076ae00000,0x000000078aa00000)
  from space 9728K, 0% used [0x000000078b580000,0x000000078b580000,0x000000078bf00000)
  to   space 11776K, 0% used [0x000000078aa00000,0x000000078aa00000,0x000000078b580000)
 ParOldGen       total 95232K, used 16341K [0x00000006c0a00000, 0x00000006c6700000, 0x000000076ae00000)
  object space 95232K, 17% used [0x00000006c0a00000,0x00000006c19f5498,0x00000006c6700000)
 Metaspace       used 19194K, capacity 21287K, committed 21296K, reserved 1067008K
  class space    used 3961K, capacity 4735K, committed 4736K, reserved 1048576K
}
Event: 1124.140 GC heap before
{Heap before GC invocations=10 (full 1):
 PSYoungGen      total 529920K, used 520192K [0x000000076ae00000, 0x000000078c300000, 0x00000007c0000000)
  eden space 520192K, 100% used [0x000000076ae00000,0x000000078aa00000,0x000000078aa00000)
  from space 9728K, 0% used [0x000000078b580000,0x000000078b580000,0x000000078bf00000)
  to   space 11776K, 0% used [0x000000078aa00000,0x000000078aa00000,0x000000078b580000)
 ParOldGen       total 95232K, used 16341K [0x00000006c0a00000, 0x00000006c6700000, 0x000000076ae00000)
  object space 95232K, 17% used [0x00000006c0a00000,0x00000006c19f5498,0x00000006c6700000)
 Metaspace       used 21855K, capacity 25201K, committed 25344K, reserved 1069056K
  class space    used 4696K, capacity 5807K, committed 5888K, reserved 1048576K
Event: 1124.161 GC heap after
Heap after GC invocations=10 (full 1):
 PSYoungGen      total 531968K, used 3314K [0x000000076ae00000, 0x000000079b880000, 0x00000007c0000000)
  eden space 520192K, 0% used [0x000000076ae00000,0x000000076ae00000,0x000000078aa00000)
  from space 11776K, 28% used [0x000000078aa00000,0x000000078ad3c940,0x000000078b580000)
  to   space 12288K, 0% used [0x000000079ac80000,0x000000079ac80000,0x000000079b880000)
 ParOldGen       total 95232K, used 16341K [0x00000006c0a00000, 0x00000006c6700000, 0x000000076ae00000)
  object space 95232K, 17% used [0x00000006c0a00000,0x00000006c19f5498,0x00000006c6700000)
 Metaspace       used 21855K, capacity 25201K, committed 25344K, reserved 1069056K
  class space    used 4696K, capacity 5807K, committed 5888K, reserved 1048576K
}
Event: 2013.874 GC heap before
{Heap before GC invocations=11 (full 1):
 PSYoungGen      total 531968K, used 523506K [0x000000076ae00000, 0x000000079b880000, 0x00000007c0000000)
  eden space 520192K, 100% used [0x000000076ae00000,0x000000078aa00000,0x000000078aa00000)
  from space 11776K, 28% used [0x000000078aa00000,0x000000078ad3c940,0x000000078b580000)
  to   space 12288K, 0% used [0x000000079ac80000,0x000000079ac80000,0x000000079b880000)
 ParOldGen       total 95232K, used 16341K [0x00000006c0a00000, 0x00000006c6700000, 0x000000076ae00000)
  object space 95232K, 17% used [0x00000006c0a00000,0x00000006c19f5498,0x00000006c6700000)
 Metaspace       used 24852K, capacity 28759K, committed 29056K, reserved 1071104K
  class space    used 5194K, capacity 6453K, committed 6528K, reserved 1048576K
Event: 2013.878 GC heap after
Heap after GC invocations=11 (full 1):
 PSYoungGen      total 762880K, used 4939K [0x000000076ae00000, 0x000000079b180000, 0x00000007c0000000)
  eden space 757760K, 0% used [0x000000076ae00000,0x000000076ae00000,0x0000000799200000)
  from space 5120K, 96% used [0x000000079ac80000,0x000000079b152db0,0x000000079b180000)
  to   space 12288K, 0% used [0x0000000799980000,0x0000000799980000,0x000000079a580000)
 ParOldGen       total 95232K, used 16349K [0x00000006c0a00000, 0x00000006c6700000, 0x000000076ae00000)
  object space 95232K, 17% used [0x00000006c0a00000,0x00000006c19f7498,0x00000006c6700000)
 Metaspace       used 24852K, capacity 28759K, committed 29056K, reserved 1071104K
  class space    used 5194K, capacity 6453K, committed 6528K, reserved 1048576K
}
Event: 7517.180 GC heap before
{Heap before GC invocations=12 (full 1):
 PSYoungGen      total 762880K, used 762699K [0x000000076ae00000, 0x000000079b180000, 0x00000007c0000000)
  eden space 757760K, 100% used [0x000000076ae00000,0x0000000799200000,0x0000000799200000)
  from space 5120K, 96% used [0x000000079ac80000,0x000000079b152db0,0x000000079b180000)
  to   space 12288K, 0% used [0x0000000799980000,0x0000000799980000,0x000000079a580000)
 ParOldGen       total 95232K, used 16349K [0x00000006c0a00000, 0x00000006c6700000, 0x000000076ae00000)
  object space 95232K, 17% used [0x00000006c0a00000,0x00000006c19f7498,0x00000006c6700000)
 Metaspace       used 26133K, capacity 31039K, committed 31232K, reserved 1073152K
  class space    used 5618K, capacity 7121K, committed 7168K, reserved 1048576K
Event: 7517.186 GC heap after
Heap after GC invocations=12 (full 1):
 PSYoungGen      total 777728K, used 1856K [0x000000076ae00000, 0x00000007ae280000, 0x00000007c0000000)
  eden space 765440K, 0% used [0x000000076ae00000,0x000000076ae00000,0x0000000799980000)
  from space 12288K, 15% used [0x0000000799980000,0x0000000799b50000,0x000000079a580000)
  to   space 12288K, 0% used [0x00000007ad680000,0x00000007ad680000,0x00000007ae280000)
 ParOldGen       total 95232K, used 19061K [0x00000006c0a00000, 0x00000006c6700000, 0x000000076ae00000)
  object space 95232K, 20% used [0x00000006c0a00000,0x00000006c1c9d4a8,0x00000006c6700000)
 Metaspace       used 26133K, capacity 31039K, committed 31232K, reserved 1073152K
  class space    used 5618K, capacity 7121K, committed 7168K, reserved 1048576K
}
Event: 7843.536 GC heap before
{Heap before GC invocations=13 (full 1):
 PSYoungGen      total 777728K, used 767296K [0x000000076ae00000, 0x00000007ae280000, 0x00000007c0000000)
  eden space 765440K, 100% used [0x000000076ae00000,0x0000000799980000,0x0000000799980000)
  from space 12288K, 15% used [0x0000000799980000,0x0000000799b50000,0x000000079a580000)
  to   space 12288K, 0% used [0x00000007ad680000,0x00000007ad680000,0x00000007ae280000)
 ParOldGen       total 95232K, used 19061K [0x00000006c0a00000, 0x00000006c6700000, 0x000000076ae00000)
  object space 95232K, 20% used [0x00000006c0a00000,0x00000006c1c9d4a8,0x00000006c6700000)
 Metaspace       used 26509K, capacity 31879K, committed 32000K, reserved 1073152K
  class space    used 5756K, capacity 7353K, committed 7424K, reserved 1048576K
Event: 7843.538 GC heap after
Heap after GC invocations=13 (full 1):
 PSYoungGen      total 1061888K, used 2176K [0x000000076ae00000, 0x00000007ad900000, 0x00000007c0000000)
  eden space 1059328K, 0% used [0x000000076ae00000,0x000000076ae00000,0x00000007ab880000)
  from space 2560K, 85% used [0x00000007ad680000,0x00000007ad8a0010,0x00000007ad900000)
  to   space 12288K, 0% used [0x00000007ac100000,0x00000007ac100000,0x00000007acd00000)
 ParOldGen       total 95232K, used 19797K [0x00000006c0a00000, 0x00000006c6700000, 0x000000076ae00000)
  object space 95232K, 20% used [0x00000006c0a00000,0x00000006c1d554b8,0x00000006c6700000)
 Metaspace       used 26509K, capacity 31879K, committed 32000K, reserved 1073152K
  class space    used 5756K, capacity 7353K, committed 7424K, reserved 1048576K
}

