# JRE version: Java(TM) SE Runtime Environment (8.0_25-b18) (build 1.8.0_25-b18)
# Java VM: Java HotSpot(TM) 64-Bit Server VM (25.25-b02 mixed mode windows-amd64 compressed oops)
Heap:
 PSYoungGen      total 531968K, used 57164K [0x000000076ae00000, 0x000000079f100000, 0x00000007c0000000)
  eden space 520192K, 10% used [0x000000076ae00000,0x000000076e5d3158,0x000000078aa00000)
  from space 11776K, 0% used [0x000000078aa00000,0x000000078aa00000,0x000000078b580000)
  to   space 11264K, 0% used [0x000000079e600000,0x000000079e600000,0x000000079f100000)
 ParOldGen       total 86528K, used 14946K [0x00000006c0a00000, 0x00000006c5e80000, 0x000000076ae00000)
  object space 86528K, 17% used [0x00000006c0a00000,0x00000006c1898a28,0x00000006c5e80000)
 Metaspace       used 21253K, capacity 24251K, committed 24320K, reserved 1069056K
  class space    used 4549K, capacity 5587K, committed 5632K, reserved 1048576K
GC Heap History (10 events):
Event: 2.173 GC heap before
{Heap before GC invocations=6 (full 0):
 PSYoungGen      total 141824K, used 138560K [0x000000076ae00000, 0x000000077bf00000, 0x00000007c0000000)
  eden space 131072K, 100% used [0x000000076ae00000,0x0000000772e00000,0x0000000772e00000)
  from space 10752K, 69% used [0x0000000772e00000,0x0000000773550040,0x0000000773880000)
  to   space 8704K, 0% used [0x000000077b680000,0x000000077b680000,0x000000077bf00000)
 ParOldGen       total 175104K, used 32K [0x00000006c0a00000, 0x00000006cb500000, 0x000000076ae00000)
  object space 175104K, 0% used [0x00000006c0a00000,0x00000006c0a08000,0x00000006cb500000)
 Metaspace       used 14744K, capacity 16137K, committed 16256K, reserved 1062912K
  class space    used 2955K, capacity 3456K, committed 3456K, reserved 1048576K
Event: 2.186 GC heap after
Heap after GC invocations=6 (full 0):
 PSYoungGen      total 269824K, used 8688K [0x000000076ae00000, 0x000000077c100000, 0x00000007c0000000)
  eden space 261120K, 0% used [0x000000076ae00000,0x000000076ae00000,0x000000077ad00000)
  from space 8704K, 99% used [0x000000077b680000,0x000000077befc030,0x000000077bf00000)
  to   space 9728K, 0% used [0x000000077ad00000,0x000000077ad00000,0x000000077b680000)
 ParOldGen       total 175104K, used 176K [0x00000006c0a00000, 0x00000006cb500000, 0x000000076ae00000)
  object space 175104K, 0% used [0x00000006c0a00000,0x00000006c0a2c000,0x00000006cb500000)
 Metaspace       used 14744K, capacity 16137K, committed 16256K, reserved 1062912K
  class space    used 2955K, capacity 3456K, committed 3456K, reserved 1048576K
}
Event: 2.314 GC heap before
{Heap before GC invocations=7 (full 0):
 PSYoungGen      total 269824K, used 269808K [0x000000076ae00000, 0x000000077c100000, 0x00000007c0000000)
  eden space 261120K, 100% used [0x000000076ae00000,0x000000077ad00000,0x000000077ad00000)
  from space 8704K, 99% used [0x000000077b680000,0x000000077befc030,0x000000077bf00000)
  to   space 9728K, 0% used [0x000000077ad00000,0x000000077ad00000,0x000000077b680000)
 ParOldGen       total 175104K, used 176K [0x00000006c0a00000, 0x00000006cb500000, 0x000000076ae00000)
  object space 175104K, 0% used [0x00000006c0a00000,0x00000006c0a2c000,0x00000006cb500000)
 Metaspace       used 15050K, capacity 16509K, committed 16640K, reserved 1062912K
  class space    used 2989K, capacity 3488K, committed 3584K, reserved 1048576K
Event: 2.324 GC heap after
Heap after GC invocations=7 (full 0):
 PSYoungGen      total 270848K, used 7296K [0x000000076ae00000, 0x000000078bf00000, 0x00000007c0000000)
  eden space 261120K, 0% used [0x000000076ae00000,0x000000076ae00000,0x000000077ad00000)
  from space 9728K, 75% used [0x000000077ad00000,0x000000077b420000,0x000000077b680000)
  to   space 9728K, 0% used [0x000000078b580000,0x000000078b580000,0x000000078bf00000)
 ParOldGen       total 175104K, used 4384K [0x00000006c0a00000, 0x00000006cb500000, 0x000000076ae00000)
  object space 175104K, 2% used [0x00000006c0a00000,0x00000006c0e482b8,0x00000006cb500000)
 Metaspace       used 15050K, capacity 16509K, committed 16640K, reserved 1062912K
  class space    used 2989K, capacity 3488K, committed 3584K, reserved 1048576K
}
Event: 7.894 GC heap before
{Heap before GC invocations=8 (full 0):
 PSYoungGen      total 270848K, used 268416K [0x000000076ae00000, 0x000000078bf00000, 0x00000007c0000000)
  eden space 261120K, 100% used [0x000000076ae00000,0x000000077ad00000,0x000000077ad00000)
  from space 9728K, 75% used [0x000000077ad00000,0x000000077b420000,0x000000077b680000)
  to   space 9728K, 0% used [0x000000078b580000,0x000000078b580000,0x000000078bf00000)
 ParOldGen       total 175104K, used 4384K [0x00000006c0a00000, 0x00000006cb500000, 0x000000076ae00000)
  object space 175104K, 2% used [0x00000006c0a00000,0x00000006c0e482b8,0x00000006cb500000)
 Metaspace       used 18673K, capacity 20765K, committed 20864K, reserved 1064960K
  class space    used 3918K, capacity 4693K, committed 4736K, reserved 1048576K
Event: 7.918 GC heap after
Heap after GC invocations=8 (full 0):
 PSYoungGen      total 529920K, used 9699K [0x000000076ae00000, 0x000000078c300000, 0x00000007c0000000)
  eden space 520192K, 0% used [0x000000076ae00000,0x000000076ae00000,0x000000078aa00000)
  from space 9728K, 99% used [0x000000078b580000,0x000000078bef8d18,0x000000078bf00000)
  to   space 11776K, 0% used [0x000000078aa00000,0x000000078aa00000,0x000000078b580000)
 ParOldGen       total 175104K, used 6613K [0x00000006c0a00000, 0x00000006cb500000, 0x000000076ae00000)
  object space 175104K, 3% used [0x00000006c0a00000,0x00000006c1075720,0x00000006cb500000)
 Metaspace       used 18673K, capacity 20765K, committed 20864K, reserved 1064960K
  class space    used 3918K, capacity 4693K, committed 4736K, reserved 1048576K
}
Event: 7.956 GC heap before
{Heap before GC invocations=9 (full 0):
 PSYoungGen      total 529920K, used 16546K [0x000000076ae00000, 0x000000078c300000, 0x00000007c0000000)
  eden space 520192K, 1% used [0x000000076ae00000,0x000000076b4afb58,0x000000078aa00000)
  from space 9728K, 99% used [0x000000078b580000,0x000000078bef8d18,0x000000078bf00000)
  to   space 11776K, 0% used [0x000000078aa00000,0x000000078aa00000,0x000000078b580000)
 ParOldGen       total 175104K, used 6613K [0x00000006c0a00000, 0x00000006cb500000, 0x000000076ae00000)
  object space 175104K, 3% used [0x00000006c0a00000,0x00000006c1075720,0x00000006cb500000)
 Metaspace       used 19065K, capacity 21197K, committed 21296K, reserved 1067008K
  class space    used 3982K, capacity 4733K, committed 4736K, reserved 1048576K
Event: 7.976 GC heap after
Heap after GC invocations=9 (full 0):
 PSYoungGen      total 531968K, used 6221K [0x000000076ae00000, 0x000000079f100000, 0x00000007c0000000)
  eden space 520192K, 0% used [0x000000076ae00000,0x000000076ae00000,0x000000078aa00000)
  from space 11776K, 52% used [0x000000078aa00000,0x000000078b013460,0x000000078b580000)
  to   space 11264K, 0% used [0x000000079e600000,0x000000079e600000,0x000000079f100000)
 ParOldGen       total 175104K, used 9621K [0x00000006c0a00000, 0x00000006cb500000, 0x000000076ae00000)
  object space 175104K, 5% used [0x00000006c0a00000,0x00000006c1365720,0x00000006cb500000)
 Metaspace       used 19065K, capacity 21197K, committed 21296K, reserved 1067008K
  class space    used 3982K, capacity 4733K, committed 4736K, reserved 1048576K
}
Event: 7.976 GC heap before
{Heap before GC invocations=10 (full 1):
 PSYoungGen      total 531968K, used 6221K [0x000000076ae00000, 0x000000079f100000, 0x00000007c0000000)
  eden space 520192K, 0% used [0x000000076ae00000,0x000000076ae00000,0x000000078aa00000)
  from space 11776K, 52% used [0x000000078aa00000,0x000000078b013460,0x000000078b580000)
  to   space 11264K, 0% used [0x000000079e600000,0x000000079e600000,0x000000079f100000)
 ParOldGen       total 175104K, used 9621K [0x00000006c0a00000, 0x00000006cb500000, 0x000000076ae00000)
  object space 175104K, 5% used [0x00000006c0a00000,0x00000006c1365720,0x00000006cb500000)
 Metaspace       used 19065K, capacity 21197K, committed 21296K, reserved 1067008K
  class space    used 3982K, capacity 4733K, committed 4736K, reserved 1048576K
Event: 8.015 GC heap after
Heap after GC invocations=10 (full 1):
 PSYoungGen      total 531968K, used 0K [0x000000076ae00000, 0x000000079f100000, 0x00000007c0000000)
  eden space 520192K, 0% used [0x000000076ae00000,0x000000076ae00000,0x000000078aa00000)
  from space 11776K, 0% used [0x000000078aa00000,0x000000078aa00000,0x000000078b580000)
  to   space 11264K, 0% used [0x000000079e600000,0x000000079e600000,0x000000079f100000)
 ParOldGen       total 86528K, used 14946K [0x00000006c0a00000, 0x00000006c5e80000, 0x000000076ae00000)
  object space 86528K, 17% used [0x00000006c0a00000,0x00000006c1898a28,0x00000006c5e80000)
 Metaspace       used 19065K, capacity 21197K, committed 21296K, reserved 1067008K
  class space    used 3982K, capacity 4733K, committed 4736K, reserved 1048576K
}

