# JRE version: Java(TM) SE Runtime Environment (8.0_25-b18) (build 1.8.0_25-b18)
# Java VM: Java HotSpot(TM) 64-Bit Server VM (25.25-b02 mixed mode windows-amd64 compressed oops)
Heap:
 PSYoungGen      total 535040K, used 73505K [0x000000076ae00000, 0x00000007ac500000, 0x00000007c0000000)
  eden space 521728K, 14% used [0x000000076ae00000,0x000000076f5c86a8,0x000000078ab80000)
  from space 13312K, 0% used [0x000000078ab80000,0x000000078ab80000,0x000000078b880000)
  to   space 14336K, 0% used [0x00000007ab700000,0x00000007ab700000,0x00000007ac500000)
 ParOldGen       total 88064K, used 17186K [0x00000006c0a00000, 0x00000006c6000000, 0x000000076ae00000)
  object space 88064K, 19% used [0x00000006c0a00000,0x00000006c1ac8a90,0x00000006c6000000)
 Metaspace       used 21619K, capacity 24851K, committed 24960K, reserved 1069056K
  class space    used 4622K, capacity 5718K, committed 5760K, reserved 1048576K
GC Heap History (10 events):
Event: 2.110 GC heap before
{Heap before GC invocations=4 (full 0):
 PSYoungGen      total 141824K, used 136848K [0x000000076ae00000, 0x000000077c300000, 0x00000007c0000000)
  eden space 131072K, 100% used [0x000000076ae00000,0x0000000772e00000,0x0000000772e00000)
  from space 10752K, 53% used [0x0000000772e00000,0x00000007733a4030,0x0000000773880000)
  to   space 10752K, 0% used [0x000000077b880000,0x000000077b880000,0x000000077c300000)
 ParOldGen       total 175104K, used 32K [0x00000006c0a00000, 0x00000006cb500000, 0x000000076ae00000)
  object space 175104K, 0% used [0x00000006c0a00000,0x00000006c0a08000,0x00000006cb500000)
 Metaspace       used 14738K, capacity 16137K, committed 16256K, reserved 1062912K
  class space    used 2955K, capacity 3456K, committed 3456K, reserved 1048576K
Event: 2.116 GC heap after
Heap after GC invocations=4 (full 0):
 PSYoungGen      total 272896K, used 7456K [0x000000076ae00000, 0x000000077c300000, 0x00000007c0000000)
  eden space 262144K, 0% used [0x000000076ae00000,0x000000076ae00000,0x000000077ae00000)
  from space 10752K, 69% used [0x000000077b880000,0x000000077bfc8020,0x000000077c300000)
  to   space 10752K, 0% used [0x000000077ae00000,0x000000077ae00000,0x000000077b880000)
 ParOldGen       total 175104K, used 40K [0x00000006c0a00000, 0x00000006cb500000, 0x000000076ae00000)
  object space 175104K, 0% used [0x00000006c0a00000,0x00000006c0a0a000,0x00000006cb500000)
 Metaspace       used 14738K, capacity 16137K, committed 16256K, reserved 1062912K
  class space    used 2955K, capacity 3456K, committed 3456K, reserved 1048576K
}
Event: 2.245 GC heap before
{Heap before GC invocations=5 (full 0):
 PSYoungGen      total 272896K, used 269600K [0x000000076ae00000, 0x000000077c300000, 0x00000007c0000000)
  eden space 262144K, 100% used [0x000000076ae00000,0x000000077ae00000,0x000000077ae00000)
  from space 10752K, 69% used [0x000000077b880000,0x000000077bfc8020,0x000000077c300000)
  to   space 10752K, 0% used [0x000000077ae00000,0x000000077ae00000,0x000000077b880000)
 ParOldGen       total 175104K, used 40K [0x00000006c0a00000, 0x00000006cb500000, 0x000000076ae00000)
  object space 175104K, 0% used [0x00000006c0a00000,0x00000006c0a0a000,0x00000006cb500000)
 Metaspace       used 14740K, capacity 16137K, committed 16256K, reserved 1062912K
  class space    used 2955K, capacity 3456K, committed 3456K, reserved 1048576K
Event: 2.254 GC heap after
Heap after GC invocations=5 (full 0):
 PSYoungGen      total 272896K, used 10240K [0x000000076ae00000, 0x000000078c300000, 0x00000007c0000000)
  eden space 262144K, 0% used [0x000000076ae00000,0x000000076ae00000,0x000000077ae00000)
  from space 10752K, 95% used [0x000000077ae00000,0x000000077b800020,0x000000077b880000)
  to   space 10752K, 0% used [0x000000078b880000,0x000000078b880000,0x000000078c300000)
 ParOldGen       total 175104K, used 40K [0x00000006c0a00000, 0x00000006cb500000, 0x000000076ae00000)
  object space 175104K, 0% used [0x00000006c0a00000,0x00000006c0a0a000,0x00000006cb500000)
 Metaspace       used 14740K, capacity 16137K, committed 16256K, reserved 1062912K
  class space    used 2955K, capacity 3456K, committed 3456K, reserved 1048576K
}
Event: 2.336 GC heap before
{Heap before GC invocations=6 (full 0):
 PSYoungGen      total 272896K, used 272384K [0x000000076ae00000, 0x000000078c300000, 0x00000007c0000000)
  eden space 262144K, 100% used [0x000000076ae00000,0x000000077ae00000,0x000000077ae00000)
  from space 10752K, 95% used [0x000000077ae00000,0x000000077b800020,0x000000077b880000)
  to   space 10752K, 0% used [0x000000078b880000,0x000000078b880000,0x000000078c300000)
 ParOldGen       total 175104K, used 40K [0x00000006c0a00000, 0x00000006cb500000, 0x000000076ae00000)
  object space 175104K, 0% used [0x00000006c0a00000,0x00000006c0a0a000,0x00000006cb500000)
 Metaspace       used 15054K, capacity 16483K, committed 16640K, reserved 1062912K
  class space    used 2992K, capacity 3521K, committed 3584K, reserved 1048576K
Event: 2.350 GC heap after
Heap after GC invocations=6 (full 0):
 PSYoungGen      total 532480K, used 10720K [0x000000076ae00000, 0x000000078c800000, 0x00000007c0000000)
  eden space 521728K, 0% used [0x000000076ae00000,0x000000076ae00000,0x000000078ab80000)
  from space 10752K, 99% used [0x000000078b880000,0x000000078c2f8040,0x000000078c300000)
  to   space 13312K, 0% used [0x000000078ab80000,0x000000078ab80000,0x000000078b880000)
 ParOldGen       total 175104K, used 1888K [0x00000006c0a00000, 0x00000006cb500000, 0x000000076ae00000)
  object space 175104K, 1% used [0x00000006c0a00000,0x00000006c0bd8000,0x00000006cb500000)
 Metaspace       used 15054K, capacity 16483K, committed 16640K, reserved 1062912K
  class space    used 2992K, capacity 3521K, committed 3584K, reserved 1048576K
}
Event: 52.126 GC heap before
{Heap before GC invocations=7 (full 0):
 PSYoungGen      total 532480K, used 351481K [0x000000076ae00000, 0x000000078c800000, 0x00000007c0000000)
  eden space 521728K, 65% used [0x000000076ae00000,0x000000077fac67b0,0x000000078ab80000)
  from space 10752K, 99% used [0x000000078b880000,0x000000078c2f8040,0x000000078c300000)
  to   space 13312K, 0% used [0x000000078ab80000,0x000000078ab80000,0x000000078b880000)
 ParOldGen       total 175104K, used 1888K [0x00000006c0a00000, 0x00000006cb500000, 0x000000076ae00000)
  object space 175104K, 1% used [0x00000006c0a00000,0x00000006c0bd8000,0x00000006cb500000)
 Metaspace       used 18894K, capacity 21169K, committed 21296K, reserved 1067008K
  class space    used 3947K, capacity 4736K, committed 4736K, reserved 1048576K
Event: 52.138 GC heap after
Heap after GC invocations=7 (full 0):
 PSYoungGen      total 535040K, used 11552K [0x000000076ae00000, 0x00000007ac500000, 0x00000007c0000000)
  eden space 521728K, 0% used [0x000000076ae00000,0x000000076ae00000,0x000000078ab80000)
  from space 13312K, 86% used [0x000000078ab80000,0x000000078b6c8020,0x000000078b880000)
  to   space 14336K, 0% used [0x00000007ab700000,0x00000007ab700000,0x00000007ac500000)
 ParOldGen       total 175104K, used 5882K [0x00000006c0a00000, 0x00000006cb500000, 0x000000076ae00000)
  object space 175104K, 3% used [0x00000006c0a00000,0x00000006c0fbe878,0x00000006cb500000)
 Metaspace       used 18894K, capacity 21169K, committed 21296K, reserved 1067008K
  class space    used 3947K, capacity 4736K, committed 4736K, reserved 1048576K
}
Event: 52.138 GC heap before
{Heap before GC invocations=8 (full 1):
 PSYoungGen      total 535040K, used 11552K [0x000000076ae00000, 0x00000007ac500000, 0x00000007c0000000)
  eden space 521728K, 0% used [0x000000076ae00000,0x000000076ae00000,0x000000078ab80000)
  from space 13312K, 86% used [0x000000078ab80000,0x000000078b6c8020,0x000000078b880000)
  to   space 14336K, 0% used [0x00000007ab700000,0x00000007ab700000,0x00000007ac500000)
 ParOldGen       total 175104K, used 5882K [0x00000006c0a00000, 0x00000006cb500000, 0x000000076ae00000)
  object space 175104K, 3% used [0x00000006c0a00000,0x00000006c0fbe878,0x00000006cb500000)
 Metaspace       used 18894K, capacity 21169K, committed 21296K, reserved 1067008K
  class space    used 3947K, capacity 4736K, committed 4736K, reserved 1048576K
Event: 52.216 GC heap after
Heap after GC invocations=8 (full 1):
 PSYoungGen      total 535040K, used 0K [0x000000076ae00000, 0x00000007ac500000, 0x00000007c0000000)
  eden space 521728K, 0% used [0x000000076ae00000,0x000000076ae00000,0x000000078ab80000)
  from space 13312K, 0% used [0x000000078ab80000,0x000000078ab80000,0x000000078b880000)
  to   space 14336K, 0% used [0x00000007ab700000,0x00000007ab700000,0x00000007ac500000)
 ParOldGen       total 88064K, used 17186K [0x00000006c0a00000, 0x00000006c6000000, 0x000000076ae00000)
  object space 88064K, 19% used [0x00000006c0a00000,0x00000006c1ac8a90,0x00000006c6000000)
 Metaspace       used 18894K, capacity 21169K, committed 21296K, reserved 1067008K
  class space    used 3947K, capacity 4736K, committed 4736K, reserved 1048576K
}

