# JRE version: Java(TM) SE Runtime Environment (8.0_25-b18) (build 1.8.0_25-b18)
# Java VM: Java HotSpot(TM) 64-Bit Server VM (25.25-b02 mixed mode windows-amd64 compressed oops)
Heap:
 PSYoungGen      total 531968K, used 323420K [0x000000076ae00000, 0x000000079f100000, 0x00000007c0000000)
  eden space 520192K, 62% used [0x000000076ae00000,0x000000077e9d72e8,0x000000078aa00000)
  from space 11776K, 0% used [0x000000078aa00000,0x000000078aa00000,0x000000078b580000)
  to   space 11264K, 0% used [0x000000079e600000,0x000000079e600000,0x000000079f100000)
 ParOldGen       total 88064K, used 14935K [0x00000006c0a00000, 0x00000006c6000000, 0x000000076ae00000)
  object space 88064K, 16% used [0x00000006c0a00000,0x00000006c1895c90,0x00000006c6000000)
 Metaspace       used 24815K, capacity 28583K, committed 28800K, reserved 1071104K
  class space    used 5187K, capacity 6428K, committed 6528K, reserved 1048576K
GC Heap History (10 events):
Event: 2.127 GC heap before
{Heap before GC invocations=6 (full 0):
 PSYoungGen      total 141824K, used 138560K [0x000000076ae00000, 0x000000077bf00000, 0x00000007c0000000)
  eden space 131072K, 100% used [0x000000076ae00000,0x0000000772e00000,0x0000000772e00000)
  from space 10752K, 69% used [0x0000000772e00000,0x0000000773550040,0x0000000773880000)
  to   space 8704K, 0% used [0x000000077b680000,0x000000077b680000,0x000000077bf00000)
 ParOldGen       total 175104K, used 48K [0x00000006c0a00000, 0x00000006cb500000, 0x000000076ae00000)
  object space 175104K, 0% used [0x00000006c0a00000,0x00000006c0a0c000,0x00000006cb500000)
 Metaspace       used 14760K, capacity 16143K, committed 16384K, reserved 1062912K
  class space    used 2956K, capacity 3457K, committed 3584K, reserved 1048576K
Event: 2.136 GC heap after
Heap after GC invocations=6 (full 0):
 PSYoungGen      total 269824K, used 8672K [0x000000076ae00000, 0x000000077c100000, 0x00000007c0000000)
  eden space 261120K, 0% used [0x000000076ae00000,0x000000076ae00000,0x000000077ad00000)
  from space 8704K, 99% used [0x000000077b680000,0x000000077bef8040,0x000000077bf00000)
  to   space 9728K, 0% used [0x000000077ad00000,0x000000077ad00000,0x000000077b680000)
 ParOldGen       total 175104K, used 216K [0x00000006c0a00000, 0x00000006cb500000, 0x000000076ae00000)
  object space 175104K, 0% used [0x00000006c0a00000,0x00000006c0a36000,0x00000006cb500000)
 Metaspace       used 14760K, capacity 16143K, committed 16384K, reserved 1062912K
  class space    used 2956K, capacity 3457K, committed 3584K, reserved 1048576K
}
Event: 2.232 GC heap before
{Heap before GC invocations=7 (full 0):
 PSYoungGen      total 269824K, used 269792K [0x000000076ae00000, 0x000000077c100000, 0x00000007c0000000)
  eden space 261120K, 100% used [0x000000076ae00000,0x000000077ad00000,0x000000077ad00000)
  from space 8704K, 99% used [0x000000077b680000,0x000000077bef8040,0x000000077bf00000)
  to   space 9728K, 0% used [0x000000077ad00000,0x000000077ad00000,0x000000077b680000)
 ParOldGen       total 175104K, used 216K [0x00000006c0a00000, 0x00000006cb500000, 0x000000076ae00000)
  object space 175104K, 0% used [0x00000006c0a00000,0x00000006c0a36000,0x00000006cb500000)
 Metaspace       used 14764K, capacity 16143K, committed 16384K, reserved 1062912K
  class space    used 2957K, capacity 3457K, committed 3584K, reserved 1048576K
Event: 2.243 GC heap after
Heap after GC invocations=7 (full 0):
 PSYoungGen      total 270848K, used 7264K [0x000000076ae00000, 0x000000078bf00000, 0x00000007c0000000)
  eden space 261120K, 0% used [0x000000076ae00000,0x000000076ae00000,0x000000077ad00000)
  from space 9728K, 74% used [0x000000077ad00000,0x000000077b418000,0x000000077b680000)
  to   space 9728K, 0% used [0x000000078b580000,0x000000078b580000,0x000000078bf00000)
 ParOldGen       total 175104K, used 4442K [0x00000006c0a00000, 0x00000006cb500000, 0x000000076ae00000)
  object space 175104K, 2% used [0x00000006c0a00000,0x00000006c0e56bc0,0x00000006cb500000)
 Metaspace       used 14764K, capacity 16143K, committed 16384K, reserved 1062912K
  class space    used 2957K, capacity 3457K, committed 3584K, reserved 1048576K
}
Event: 6.055 GC heap before
{Heap before GC invocations=8 (full 0):
 PSYoungGen      total 270848K, used 268384K [0x000000076ae00000, 0x000000078bf00000, 0x00000007c0000000)
  eden space 261120K, 100% used [0x000000076ae00000,0x000000077ad00000,0x000000077ad00000)
  from space 9728K, 74% used [0x000000077ad00000,0x000000077b418000,0x000000077b680000)
  to   space 9728K, 0% used [0x000000078b580000,0x000000078b580000,0x000000078bf00000)
 ParOldGen       total 175104K, used 4442K [0x00000006c0a00000, 0x00000006cb500000, 0x000000076ae00000)
  object space 175104K, 2% used [0x00000006c0a00000,0x00000006c0e56bc0,0x00000006cb500000)
 Metaspace       used 18729K, capacity 20883K, committed 21120K, reserved 1064960K
  class space    used 3946K, capacity 4734K, committed 4736K, reserved 1048576K
Event: 6.064 GC heap after
Heap after GC invocations=8 (full 0):
 PSYoungGen      total 529920K, used 9696K [0x000000076ae00000, 0x000000078c300000, 0x00000007c0000000)
  eden space 520192K, 0% used [0x000000076ae00000,0x000000076ae00000,0x000000078aa00000)
  from space 9728K, 99% used [0x000000078b580000,0x000000078bef8218,0x000000078bf00000)
  to   space 11776K, 0% used [0x000000078aa00000,0x000000078aa00000,0x000000078b580000)
 ParOldGen       total 175104K, used 6715K [0x00000006c0a00000, 0x00000006cb500000, 0x000000076ae00000)
  object space 175104K, 3% used [0x00000006c0a00000,0x00000006c108ec40,0x00000006cb500000)
 Metaspace       used 18729K, capacity 20883K, committed 21120K, reserved 1064960K
  class space    used 3946K, capacity 4734K, committed 4736K, reserved 1048576K
}
Event: 6.080 GC heap before
{Heap before GC invocations=9 (full 0):
 PSYoungGen      total 529920K, used 14558K [0x000000076ae00000, 0x000000078c300000, 0x00000007c0000000)
  eden space 520192K, 0% used [0x000000076ae00000,0x000000076b2bf618,0x000000078aa00000)
  from space 9728K, 99% used [0x000000078b580000,0x000000078bef8218,0x000000078bf00000)
  to   space 11776K, 0% used [0x000000078aa00000,0x000000078aa00000,0x000000078b580000)
 ParOldGen       total 175104K, used 6715K [0x00000006c0a00000, 0x00000006cb500000, 0x000000076ae00000)
  object space 175104K, 3% used [0x00000006c0a00000,0x00000006c108ec40,0x00000006cb500000)
 Metaspace       used 19058K, capacity 21203K, committed 21296K, reserved 1067008K
  class space    used 3985K, capacity 4734K, committed 4736K, reserved 1048576K
Event: 6.088 GC heap after
Heap after GC invocations=9 (full 0):
 PSYoungGen      total 531968K, used 6192K [0x000000076ae00000, 0x000000079f100000, 0x00000007c0000000)
  eden space 520192K, 0% used [0x000000076ae00000,0x000000076ae00000,0x000000078aa00000)
  from space 11776K, 52% used [0x000000078aa00000,0x000000078b00c030,0x000000078b580000)
  to   space 11264K, 0% used [0x000000079e600000,0x000000079e600000,0x000000079f100000)
 ParOldGen       total 175104K, used 9787K [0x00000006c0a00000, 0x00000006cb500000, 0x000000076ae00000)
  object space 175104K, 5% used [0x00000006c0a00000,0x00000006c138ec40,0x00000006cb500000)
 Metaspace       used 19058K, capacity 21203K, committed 21296K, reserved 1067008K
  class space    used 3985K, capacity 4734K, committed 4736K, reserved 1048576K
}
Event: 6.088 GC heap before
{Heap before GC invocations=10 (full 1):
 PSYoungGen      total 531968K, used 6192K [0x000000076ae00000, 0x000000079f100000, 0x00000007c0000000)
  eden space 520192K, 0% used [0x000000076ae00000,0x000000076ae00000,0x000000078aa00000)
  from space 11776K, 52% used [0x000000078aa00000,0x000000078b00c030,0x000000078b580000)
  to   space 11264K, 0% used [0x000000079e600000,0x000000079e600000,0x000000079f100000)
 ParOldGen       total 175104K, used 9787K [0x00000006c0a00000, 0x00000006cb500000, 0x000000076ae00000)
  object space 175104K, 5% used [0x00000006c0a00000,0x00000006c138ec40,0x00000006cb500000)
 Metaspace       used 19058K, capacity 21203K, committed 21296K, reserved 1067008K
  class space    used 3985K, capacity 4734K, committed 4736K, reserved 1048576K
Event: 6.135 GC heap after
Heap after GC invocations=10 (full 1):
 PSYoungGen      total 531968K, used 0K [0x000000076ae00000, 0x000000079f100000, 0x00000007c0000000)
  eden space 520192K, 0% used [0x000000076ae00000,0x000000076ae00000,0x000000078aa00000)
  from space 11776K, 0% used [0x000000078aa00000,0x000000078aa00000,0x000000078b580000)
  to   space 11264K, 0% used [0x000000079e600000,0x000000079e600000,0x000000079f100000)
 ParOldGen       total 88064K, used 14935K [0x00000006c0a00000, 0x00000006c6000000, 0x000000076ae00000)
  object space 88064K, 16% used [0x00000006c0a00000,0x00000006c1895c90,0x00000006c6000000)
 Metaspace       used 19056K, capacity 21197K, committed 21296K, reserved 1067008K
  class space    used 3984K, capacity 4733K, committed 4736K, reserved 1048576K
}

